0 info it worked if it ends with ok
1 verbose cli [ '/Users/jongyunlee/.nvm/versions/node/v5.0.0/bin/node',
1 verbose cli   '/Users/jongyunlee/.nvm/versions/node/v5.0.0/bin/npm',
1 verbose cli   'start' ]
2 info using npm@3.3.6
3 info using node@v5.0.0
4 verbose run-script [ 'prestart', 'start', 'poststart' ]
5 info lifecycle cleannote@0.0.0~prestart: cleannote@0.0.0
6 silly lifecycle cleannote@0.0.0~prestart: no script for prestart, continuing
7 info lifecycle cleannote@0.0.0~start: cleannote@0.0.0
8 verbose lifecycle cleannote@0.0.0~start: unsafe-perm in lifecycle true
9 verbose lifecycle cleannote@0.0.0~start: PATH: /Users/jongyunlee/.nvm/versions/node/v5.0.0/lib/node_modules/npm/bin/node-gyp-bin:/Users/jongyunlee/study/DatabaseSystem/CleanNote/CleanNote/cleannote/node_modules/.bin:/opt/local/bin:/Users/jongyunlee/.nvm/versions/node/v5.0.0/bin:/Users/jongyunlee/.rbenv/shims:/Users/jongyunlee/.rbenv/bin:/usr/local/heroku/bin:/usr/local/bin:/usr/bin:/bin:/usr/sbin:/sbin:/opt/X11/bin:/usr/local/go/bin:/usr/bin:/bin:/usr/sbin:/sbin:/usr/local/bin:/Users/jongyunlee/Developer/android-sdk/tools:/Users/jongyunlee/Developer/android-sdk/platform-tools:/usr/local/apache-ant-1.9.2/bin:/Applications/Racket/bin:/Users/jongyunlee/Developer/maven/bin:/usr/local/mysql/bin:/Users/jongyunlee/Developer/gradle-sdk/gradle-2.8/bin:/Users/jongyunlee/Developer/doxygen/bin:/usr/local/mongodb/bin:/usr/local/redisdb/src:/usr/local/sbin:/Users/jongyunlee/Developer/kindlegen:/Applications/Postgres.app/Contents/Versions/9.3/bin:/Users/jongyunlee/bin:~/Developer/ndk
10 verbose lifecycle cleannote@0.0.0~start: CWD: /Users/jongyunlee/study/DatabaseSystem/CleanNote/CleanNote/cleannote
11 silly lifecycle cleannote@0.0.0~start: Args: [ '-c', 'node ./bin/www' ]
12 silly lifecycle cleannote@0.0.0~start: Returned: code: 1  signal: null
13 info lifecycle cleannote@0.0.0~start: Failed to exec start script
14 verbose stack Error: cleannote@0.0.0 start: `node ./bin/www`
14 verbose stack Exit status 1
14 verbose stack     at EventEmitter.<anonymous> (/Users/jongyunlee/.nvm/versions/node/v5.0.0/lib/node_modules/npm/lib/utils/lifecycle.js:233:16)
14 verbose stack     at emitTwo (events.js:87:13)
14 verbose stack     at EventEmitter.emit (events.js:172:7)
14 verbose stack     at ChildProcess.<anonymous> (/Users/jongyunlee/.nvm/versions/node/v5.0.0/lib/node_modules/npm/lib/utils/spawn.js:24:14)
14 verbose stack     at emitTwo (events.js:87:13)
14 verbose stack     at ChildProcess.emit (events.js:172:7)
14 verbose stack     at maybeClose (internal/child_process.js:818:16)
14 verbose stack     at Process.ChildProcess._handle.onexit (internal/child_process.js:211:5)
15 verbose pkgid cleannote@0.0.0
16 verbose cwd /Users/jongyunlee/study/DatabaseSystem/CleanNote/CleanNote/cleannote
17 error Darwin 14.4.0
18 error argv "/Users/jongyunlee/.nvm/versions/node/v5.0.0/bin/node" "/Users/jongyunlee/.nvm/versions/node/v5.0.0/bin/npm" "start"
19 error node v5.0.0
20 error npm  v3.3.6
21 error code ELIFECYCLE
22 error cleannote@0.0.0 start: `node ./bin/www`
22 error Exit status 1
23 error Failed at the cleannote@0.0.0 start script 'node ./bin/www'.
23 error This is most likely a problem with the cleannote package,
23 error not with npm itself.
23 error Tell the author that this fails on your system:
23 error     node ./bin/www
23 error You can get their info via:
23 error     npm owner ls cleannote
23 error There is likely additional logging output above.
24 verbose exit [ 1, true ]
